  Library.cpp
  kiero.cpp
C:\Work\plugin-sdk\plugin_sa\game_sa\rw\rwplcore.h(197,5): error C4235: nonstandard extension used: '__asm' keyword not supported on this architecture
C:\Work\plugin-sdk\plugin_sa\game_sa\rw\rwplcore.h(199,9): error C2065: 'fnstcw': undeclared identifier
C:\Work\plugin-sdk\plugin_sa\game_sa\rw\rwplcore.h(199,19): error C2146: syntax error: missing ';' before identifier 'savemode'
C:\Work\plugin-sdk\plugin_sa\game_sa\rw\rwplcore.h(199,35): error C2065: 'get': undeclared identifier
C:\Work\plugin-sdk\plugin_sa\game_sa\rw\rwplcore.h(199,39): error C2146: syntax error: missing ';' before identifier 'fpu'
C:\Work\plugin-sdk\plugin_sa\game_sa\rw\rwplcore.h(199,39): error C2065: 'fpu': undeclared identifier
C:\Work\plugin-sdk\plugin_sa\game_sa\rw\rwplcore.h(199,43): error C2146: syntax error: missing ';' before identifier 'mode'
C:\Work\plugin-sdk\plugin_sa\game_sa\rw\rwplcore.h(199,43): error C2065: 'mode': undeclared identifier
C:\Work\plugin-sdk\plugin_sa\game_sa\rw\rwplcore.h(200,9): error C2146: syntax error: missing ';' before identifier 'fld'
C:\Work\plugin-sdk\plugin_sa\game_sa\rw\rwplcore.h(200,9): error C2065: 'fld': undeclared identifier
C:\Work\plugin-sdk\plugin_sa\game_sa\rw\rwplcore.h(200,13): error C2146: syntax error: missing ';' before identifier 'dword'
C:\Work\plugin-sdk\plugin_sa\game_sa\rw\rwplcore.h(200,13): error C2065: 'dword': undeclared identifier
C:\Work\plugin-sdk\plugin_sa\game_sa\rw\rwplcore.h(200,19): error C2146: syntax error: missing ';' before identifier 'ptr'
C:\Work\plugin-sdk\plugin_sa\game_sa\rw\rwplcore.h(200,19): error C2065: 'ptr': undeclared identifier
C:\Work\plugin-sdk\plugin_sa\game_sa\rw\rwplcore.h(200,35): error C2065: 'load': undeclared identifier
C:\Work\plugin-sdk\plugin_sa\game_sa\rw\rwplcore.h(200,40): error C2146: syntax error: missing ';' before identifier 'rwreal'
C:\Work\plugin-sdk\plugin_sa\game_sa\rw\rwplcore.h(200,40): error C2065: 'rwreal': undeclared identifier
C:\Work\plugin-sdk\plugin_sa\game_sa\rw\rwplcore.h(200,47): error C2146: syntax error: missing ';' before identifier 'x'
C:\Work\plugin-sdk\plugin_sa\game_sa\rw\rwplcore.h(202,9): error C2146: syntax error: missing ';' before identifier 'mov'
C:\Work\plugin-sdk\plugin_sa\game_sa\rw\rwplcore.h(202,9): error C2065: 'mov': undeclared identifier
C:\Work\plugin-sdk\plugin_sa\game_sa\rw\rwplcore.h(202,19): error C2146: syntax error: missing ';' before identifier 'ax'
C:\Work\plugin-sdk\plugin_sa\game_sa\rw\rwplcore.h(202,19): error C2065: 'ax': undeclared identifier
C:\Work\plugin-sdk\plugin_sa\game_sa\rw\rwplcore.h(202,35): error C2065: 'put': undeclared identifier
C:\Work\plugin-sdk\plugin_sa\game_sa\rw\rwplcore.h(202,39): error C2146: syntax error: missing ';' before identifier 'fpu'
C:\Work\plugin-sdk\plugin_sa\game_sa\rw\rwplcore.h(202,39): error C2065: 'fpu': undeclared identifier
C:\Work\plugin-sdk\plugin_sa\game_sa\rw\rwplcore.h(202,43): error C2146: syntax error: missing ';' before identifier 'mode'
C:\Work\plugin-sdk\plugin_sa\game_sa\rw\rwplcore.h(202,43): error C2065: 'mode': undeclared identifier
C:\Work\plugin-sdk\plugin_sa\game_sa\rw\rwplcore.h(202,48): error C2146: syntax error: missing ';' before identifier 'in'
C:\Work\plugin-sdk\plugin_sa\game_sa\rw\rwplcore.h(202,48): error C2065: 'in': undeclared identifier
C:\Work\plugin-sdk\plugin_sa\game_sa\rw\rwplcore.h(202,51): error C2144: syntax error: 'int' should be preceded by ';'
C:\Work\plugin-sdk\plugin_sa\game_sa\rw\rwplcore.h(203,9): error C2059: syntax error: '||'
C:\Work\plugin-sdk\plugin_sa\game_sa\rw\rwplcore.h(203,35): error C2059: syntax error: '||'
C:\Work\plugin-sdk\plugin_sa\game_sa\rw\rwplcore.h(205,35): error C2065: 'make': undeclared identifier
C:\Work\plugin-sdk\plugin_sa\game_sa\rw\rwplcore.h(205,40): error C2146: syntax error: missing ';' before identifier 'ready'
C:\Work\plugin-sdk\plugin_sa\game_sa\rw\rwplcore.h(205,40): error C2065: 'ready': undeclared identifier
C:\Work\plugin-sdk\plugin_sa\game_sa\rw\rwplcore.h(205,46): error C2146: syntax error: missing ';' before identifier 'to'
C:\Work\plugin-sdk\plugin_sa\game_sa\rw\rwplcore.h(205,46): error C2065: 'to': undeclared identifier
C:\Work\plugin-sdk\plugin_sa\game_sa\rw\rwplcore.h(205,49): error C2146: syntax error: missing ';' before identifier 'set'
C:\Work\plugin-sdk\plugin_sa\game_sa\rw\rwplcore.h(205,49): error C2065: 'set': undeclared identifier
C:\Work\plugin-sdk\plugin_sa\game_sa\rw\rwplcore.h(205,53): error C2146: syntax error: missing ';' before identifier 'fpu'
C:\Work\plugin-sdk\plugin_sa\game_sa\rw\rwplcore.h(205,53): error C2065: 'fpu': undeclared identifier
C:\Work\plugin-sdk\plugin_sa\game_sa\rw\rwplcore.h(205,57): error C2146: syntax error: missing ';' before identifier 'mode'
C:\Work\plugin-sdk\plugin_sa\game_sa\rw\rwplcore.h(205,57): error C2065: 'mode': undeclared identifier
C:\Work\plugin-sdk\plugin_sa\game_sa\rw\rwplcore.h(206,9): error C2146: syntax error: missing ';' before identifier 'fldcw'
C:\Work\plugin-sdk\plugin_sa\game_sa\rw\rwplcore.h(206,9): error C2065: 'fldcw': undeclared identifier
C:\Work\plugin-sdk\plugin_sa\game_sa\rw\rwplcore.h(206,19): error C2146: syntax error: missing ';' before identifier 'workmode'
C:\Work\plugin-sdk\plugin_sa\game_sa\rw\rwplcore.h(206,35): error C2065: 'set': undeclared identifier
C:\Work\plugin-sdk\plugin_sa\game_sa\rw\rwplcore.h(206,39): error C2146: syntax error: missing ';' before identifier 'fpu'
C:\Work\plugin-sdk\plugin_sa\game_sa\rw\rwplcore.h(206,39): error C2065: 'fpu': undeclared identifier
C:\Work\plugin-sdk\plugin_sa\game_sa\rw\rwplcore.h(206,43): error C2146: syntax error: missing ';' before identifier 'to'
C:\Work\plugin-sdk\plugin_sa\game_sa\rw\rwplcore.h(206,43): error C2065: 'to': undeclared identifier
C:\Work\plugin-sdk\plugin_sa\game_sa\rw\rwplcore.h(206,46): error C2146: syntax error: missing ';' before identifier 'truncate'
C:\Work\plugin-sdk\plugin_sa\game_sa\rw\rwplcore.h(206,46): error C2065: 'truncate': undeclared identifier
C:\Work\plugin-sdk\plugin_sa\game_sa\rw\rwplcore.h(206,55): error C2146: syntax error: missing ';' before identifier 'mode'
C:\Work\plugin-sdk\plugin_sa\game_sa\rw\rwplcore.h(206,55): error C2065: 'mode': undeclared identifier
C:\Work\plugin-sdk\plugin_sa\game_sa\rw\rwplcore.h(207,9): error C2146: syntax error: missing ';' before identifier 'fistp'
C:\Work\plugin-sdk\plugin_sa\game_sa\rw\rwplcore.h(207,9): error C2065: 'fistp': undeclared identifier
C:\Work\plugin-sdk\plugin_sa\game_sa\rw\rwplcore.h(207,19): error C2146: syntax error: missing ';' before identifier 'dword'
C:\Work\plugin-sdk\plugin_sa\game_sa\rw\rwplcore.h(207,19): error C2065: 'dword': undeclared identifier
C:\Work\plugin-sdk\plugin_sa\game_sa\rw\rwplcore.h(207,25): error C2146: syntax error: missing ';' before identifier 'ptr'
C:\Work\plugin-sdk\plugin_sa\game_sa\rw\rwplcore.h(207,25): error C2065: 'ptr': undeclared identifier
C:\Work\plugin-sdk\plugin_sa\game_sa\rw\rwplcore.h(207,35): error C2065: 'store': undeclared identifier
C:\Work\plugin-sdk\plugin_sa\game_sa\rw\rwplcore.h(207,41): error C2146: syntax error: missing ';' before identifier 'the'
C:\Work\plugin-sdk\plugin_sa\game_sa\rw\rwplcore.h(207,41): error C2065: 'the': undeclared identifier
C:\Work\plugin-sdk\plugin_sa\game_sa\rw\rwplcore.h(207,45): error C2146: syntax error: missing ';' before identifier 'rwint32eger'
C:\Work\plugin-sdk\plugin_sa\game_sa\rw\rwplcore.h(207,45): error C2065: 'rwint32eger': undeclared identifier
C:\Work\plugin-sdk\plugin_sa\game_sa\rw\rwplcore.h(207,57): error C2146: syntax error: missing ';' before identifier 'result'
C:\Work\plugin-sdk\plugin_sa\game_sa\rw\rwplcore.h(207,57): error C2065: 'result': undeclared identifier
C:\Work\plugin-sdk\plugin_sa\game_sa\rw\rwplcore.h(208,9): error C2146: syntax error: missing ';' before identifier 'fldcw'
C:\Work\plugin-sdk\plugin_sa\game_sa\rw\rwplcore.h(208,9): error C2065: 'fldcw': undeclared identifier
C:\Work\plugin-sdk\plugin_sa\game_sa\rw\rwplcore.h(208,19): error C2146: syntax error: missing ';' before identifier 'savemode'
C:\Work\plugin-sdk\plugin_sa\game_sa\rw\rwplcore.h(208,35): error C2065: 'restore': undeclared identifier
C:\Work\plugin-sdk\plugin_sa\game_sa\rw\rwplcore.h(208,43): error C2146: syntax error: missing ';' before identifier 'fpu'
C:\Work\plugin-sdk\plugin_sa\game_sa\rw\rwplcore.h(208,43): error C2065: 'fpu': undeclared identifier
C:\Work\plugin-sdk\plugin_sa\game_sa\rw\rwplcore.h(208,47): error C2146: syntax error: missing ';' before identifier 'mode'
C:\Work\plugin-sdk\plugin_sa\game_sa\rw\rwplcore.h(208,47): error C2065: 'mode': undeclared identifier
C:\Work\plugin-sdk\plugin_sa\game_sa\rw\rwplcore.h(209,5): error C2143: syntax error: missing ';' before '}'
C:\Work\plugin-sdk\plugin_sa\game_sa\rw\rwplcore.h(223,5): error C4235: nonstandard extension used: '__asm' keyword not supported on this architecture
C:\Work\plugin-sdk\plugin_sa\game_sa\rw\rwplcore.h(223,11): error C2065: 'fld': undeclared identifier
C:\Work\plugin-sdk\plugin_sa\game_sa\rw\rwplcore.h(223,15): error C2146: syntax error: missing ';' before identifier 'dword'
C:\Work\plugin-sdk\plugin_sa\game_sa\rw\rwplcore.h(223,15): error C2065: 'dword': undeclared identifier
C:\Work\plugin-sdk\plugin_sa\game_sa\rw\rwplcore.h(223,21): error C2146: syntax error: missing ';' before identifier 'ptr'
C:\Work\plugin-sdk\plugin_sa\game_sa\rw\rwplcore.h(223,21): error C2065: 'ptr': undeclared identifier
C:\Work\plugin-sdk\plugin_sa\game_sa\rw\rwplcore.h(224,5): error C4235: nonstandard extension used: '__asm' keyword not supported on this architecture
C:\Work\plugin-sdk\plugin_sa\game_sa\rw\rwplcore.h(224,11): error C2065: 'fistp': undeclared identifier
C:\Work\plugin-sdk\plugin_sa\game_sa\rw\rwplcore.h(224,17): error C2146: syntax error: missing ';' before identifier 'dword'
C:\Work\plugin-sdk\plugin_sa\game_sa\rw\rwplcore.h(224,17): error C2065: 'dword': undeclared identifier
C:\Work\plugin-sdk\plugin_sa\game_sa\rw\rwplcore.h(224,23): error C2146: syntax error: missing ';' before identifier 'ptr'
C:\Work\plugin-sdk\plugin_sa\game_sa\rw\rwplcore.h(224,23): error C2065: 'ptr': undeclared identifier
  Generating Code...
C:\Work\Cheat-Menu\Depend\fla\Library\Library.cpp(11): error C4716: 'Library::GetSymbolAddress': must return a value
