c:\work\cheat-menu\depend\release\depend.pdb
c:\work\cheat-menu\depend\release\kiero.obj
c:\work\cheat-menu\depend\release\imgui_widgets.obj
c:\work\cheat-menu\depend\release\imgui_tables.obj
c:\work\cheat-menu\depend\release\imgui_impl_win32.obj
c:\work\cheat-menu\depend\release\imgui_impl_dx9.obj
c:\work\cheat-menu\depend\release\imgui_impl_dx11.obj
c:\work\cheat-menu\depend\release\imgui_draw.obj
c:\work\cheat-menu\depend\release\imgui_demo.obj
c:\work\cheat-menu\depend\release\imgui.obj
c:\work\cheat-menu\depend\release\main.obj
c:\work\cheat-menu\depend\release\library.obj
c:\work\cheat-menu\depend\release\idaccess.obj
c:\work\cheat-menu\depend\release\zip.obj
c:\work\cheat-menu\depend\release\trampoline.obj
c:\work\cheat-menu\depend\release\hook.obj
c:\work\cheat-menu\depend\release\hde32.obj
c:\work\cheat-menu\depend\release\buffer.obj
c:\work\cheat-menu\release\depend.lib
c:\work\cheat-menu\depend\release\depend.tlog\cl.command.1.tlog
c:\work\cheat-menu\depend\release\depend.tlog\cl.read.1.tlog
c:\work\cheat-menu\depend\release\depend.tlog\cl.write.1.tlog
c:\work\cheat-menu\depend\release\depend.tlog\lib-link.read.1.tlog
c:\work\cheat-menu\depend\release\depend.tlog\lib-link.write.1.tlog
c:\work\cheat-menu\depend\release\depend.tlog\lib.command.1.tlog
